<?xml version="1.0" encoding="UTF-8"?>
<!-- Generated by org.testng.reporters.JUnitXMLReporter -->
<testsuite hostname="DESKTOP-PJ5JRQT" ignored="0" name="Test2" tests="1" failures="1" timestamp="09 Feb 2024 05:27:44 GMT" time="0.026" errors="0">
  <testcase name="sigin" time="0.0" classname="com.selenium.testng.TestNG_Parameter">
    <failure type="org.testng.TestNGException" message="
Method sigin requires 2 parameters but 1 were supplied in the @Test annotation.">
      <![CDATA[org.testng.TestNGException: 
Method sigin requires 2 parameters but 1 were supplied in the @Test annotation.
... Removed 24 stack frames]]>
    </failure>
  </testcase> <!-- sigin -->
</testsuite> <!-- Test2 -->
